SF:/Users/yelamanyelmuratov/Development/Coding katas/katas/trip_service/lib/src/models/user.dart
DA:7,0
DA:8,0
DA:11,0
DA:12,0
DA:15,0
DA:16,0
DA:19,0
DA:20,0
DA:23,0
DA:24,0
DA:26,0
DA:27,0
LF:12
LH:0
end_of_record
SF:/Users/yelamanyelmuratov/Development/Coding katas/katas/trip_service/lib/trip_service.dart
DA:8,1
DA:10,1
DA:15,0
DA:16,0
DA:22,0
DA:30,1
DA:31,2
LF:7
LH:4
end_of_record
SF:/Users/yelamanyelmuratov/Development/Coding katas/katas/trip_service/lib/src/trip_dao.dart
DA:6,0
LF:1
LH:0
end_of_record
SF:/Users/yelamanyelmuratov/Development/Coding katas/katas/trip_service/lib/src/user_session.dart
DA:5,1
DA:7,3
DA:9,0
DA:13,1
LF:4
LH:3
end_of_record
