SF:/Users/yelamanyelmuratov/Development/Coding katas/katas/gilded_rose/lib/gilded_rose.dart
DA:6,1
DA:10,1
DA:11,4
DA:12,8
DA:13,4
DA:14,4
DA:15,7
DA:19,4
DA:20,7
DA:22,4
DA:23,4
DA:24,4
DA:25,7
DA:29,4
DA:30,4
DA:31,7
DA:38,4
DA:39,7
DA:42,4
DA:43,4
DA:44,4
DA:45,4
DA:46,4
DA:47,7
DA:51,10
DA:54,4
DA:55,7
LF:27
LH:27
end_of_record
SF:/Users/yelamanyelmuratov/Development/Coding katas/katas/gilded_rose/lib/models/item.dart
DA:8,1
DA:10,1
DA:11,4
DA:13,0
DA:14,0
DA:15,0
DA:18,0
DA:19,0
LF:8
LH:3
end_of_record
